{
  error: MongoParseError: Invalid scheme, expected connection string to start with "mongodb://" or "mongodb+srv://"
      at new ConnectionString (/Users/mac/Desktop/CwmPracticals/Vidly/node_modules/mongodb-connection-string-url/lib/index.js:86:19)
      at parseOptions (/Users/mac/Desktop/CwmPracticals/Vidly/node_modules/mongodb/lib/connection_string.js:185:17)
      at new MongoClient (/Users/mac/Desktop/CwmPracticals/Vidly/node_modules/mongodb/lib/mongo_client.js:53:63)
      at NativeConnection.createClient (/Users/mac/Desktop/CwmPracticals/Vidly/node_modules/mongoose/lib/drivers/node-mongodb-native/connection.js:312:14)
      at NativeConnection.openUri (/Users/mac/Desktop/CwmPracticals/Vidly/node_modules/mongoose/lib/connection.js:1016:34)
      at Mongoose.connect (/Users/mac/Desktop/CwmPracticals/Vidly/node_modules/mongoose/lib/mongoose.js:446:15)
      at module.exports (/Users/mac/Desktop/CwmPracticals/Vidly/startup/database.js:6:12)
      at Object.<anonymous> (/Users/mac/Desktop/CwmPracticals/Vidly/index.js:3:30)
      at Module._compile (node:internal/modules/cjs/loader:1358:14)
      at Module._extensions..js (node:internal/modules/cjs/loader:1416:10),
  level: 'error',
  message: 'unhandledRejection: Invalid scheme, expected connection string to start with "mongodb://" or "mongodb+srv://"\n' +
    'MongoParseError: Invalid scheme, expected connection string to start with "mongodb://" or "mongodb+srv://"\n' +
    '    at new ConnectionString (/Users/mac/Desktop/CwmPracticals/Vidly/node_modules/mongodb-connection-string-url/lib/index.js:86:19)\n' +
    '    at parseOptions (/Users/mac/Desktop/CwmPracticals/Vidly/node_modules/mongodb/lib/connection_string.js:185:17)\n' +
    '    at new MongoClient (/Users/mac/Desktop/CwmPracticals/Vidly/node_modules/mongodb/lib/mongo_client.js:53:63)\n' +
    '    at NativeConnection.createClient (/Users/mac/Desktop/CwmPracticals/Vidly/node_modules/mongoose/lib/drivers/node-mongodb-native/connection.js:312:14)\n' +
    '    at NativeConnection.openUri (/Users/mac/Desktop/CwmPracticals/Vidly/node_modules/mongoose/lib/connection.js:1016:34)\n' +
    '    at Mongoose.connect (/Users/mac/Desktop/CwmPracticals/Vidly/node_modules/mongoose/lib/mongoose.js:446:15)\n' +
    '    at module.exports (/Users/mac/Desktop/CwmPracticals/Vidly/startup/database.js:6:12)\n' +
    '    at Object.<anonymous> (/Users/mac/Desktop/CwmPracticals/Vidly/index.js:3:30)\n' +
    '    at Module._compile (node:internal/modules/cjs/loader:1358:14)\n' +
    '    at Module._extensions..js (node:internal/modules/cjs/loader:1416:10)',
  stack: 'MongoParseError: Invalid scheme, expected connection string to start with "mongodb://" or "mongodb+srv://"\n' +
    '    at new ConnectionString (/Users/mac/Desktop/CwmPracticals/Vidly/node_modules/mongodb-connection-string-url/lib/index.js:86:19)\n' +
    '    at parseOptions (/Users/mac/Desktop/CwmPracticals/Vidly/node_modules/mongodb/lib/connection_string.js:185:17)\n' +
    '    at new MongoClient (/Users/mac/Desktop/CwmPracticals/Vidly/node_modules/mongodb/lib/mongo_client.js:53:63)\n' +
    '    at NativeConnection.createClient (/Users/mac/Desktop/CwmPracticals/Vidly/node_modules/mongoose/lib/drivers/node-mongodb-native/connection.js:312:14)\n' +
    '    at NativeConnection.openUri (/Users/mac/Desktop/CwmPracticals/Vidly/node_modules/mongoose/lib/connection.js:1016:34)\n' +
    '    at Mongoose.connect (/Users/mac/Desktop/CwmPracticals/Vidly/node_modules/mongoose/lib/mongoose.js:446:15)\n' +
    '    at module.exports (/Users/mac/Desktop/CwmPracticals/Vidly/startup/database.js:6:12)\n' +
    '    at Object.<anonymous> (/Users/mac/Desktop/CwmPracticals/Vidly/index.js:3:30)\n' +
    '    at Module._compile (node:internal/modules/cjs/loader:1358:14)\n' +
    '    at Module._extensions..js (node:internal/modules/cjs/loader:1416:10)',
  rejection: true,
  date: 'Thu Feb 13 2025 22:08:24 GMT+0100 (West Africa Standard Time)',
  process: {
    pid: 32489,
    uid: 501,
    gid: 20,
    cwd: '/Users/mac/Desktop/CwmPracticals/Vidly',
    execPath: '/usr/local/bin/node',
    version: 'v20.13.0',
    argv: [
      '/usr/local/bin/node',
      '/Users/mac/Desktop/CwmPracticals/Vidly/index.js'
    ],
    memoryUsage: {
      rss: 86949888,
      heapTotal: 56918016,
      heapUsed: 26467872,
      external: 20476305,
      arrayBuffers: 18262463
    }
  },
  os: {
    loadavg: [ 5.26025390625, 3.7138671875, 3.37451171875 ],
    uptime: 1673346
  },
  trace: [
    {
      column: 19,
      file: '/Users/mac/Desktop/CwmPracticals/Vidly/node_modules/mongodb-connection-string-url/lib/index.js',
      function: 'new ConnectionString',
      line: 86,
      method: null,
      native: false
    },
    {
      column: 17,
      file: '/Users/mac/Desktop/CwmPracticals/Vidly/node_modules/mongodb/lib/connection_string.js',
      function: 'parseOptions',
      line: 185,
      method: null,
      native: false
    },
    {
      column: 63,
      file: '/Users/mac/Desktop/CwmPracticals/Vidly/node_modules/mongodb/lib/mongo_client.js',
      function: 'new MongoClient',
      line: 53,
      method: null,
      native: false
    },
    {
      column: 14,
      file: '/Users/mac/Desktop/CwmPracticals/Vidly/node_modules/mongoose/lib/drivers/node-mongodb-native/connection.js',
      function: 'NativeConnection.createClient',
      line: 312,
      method: 'createClient',
      native: false
    },
    {
      column: 34,
      file: '/Users/mac/Desktop/CwmPracticals/Vidly/node_modules/mongoose/lib/connection.js',
      function: 'NativeConnection.openUri',
      line: 1016,
      method: 'openUri',
      native: false
    },
    {
      column: 15,
      file: '/Users/mac/Desktop/CwmPracticals/Vidly/node_modules/mongoose/lib/mongoose.js',
      function: 'Mongoose.connect',
      line: 446,
      method: 'connect',
      native: false
    },
    {
      column: 12,
      file: '/Users/mac/Desktop/CwmPracticals/Vidly/startup/database.js',
      function: 'module.exports',
      line: 6,
      method: 'exports',
      native: false
    },
    {
      column: 30,
      file: '/Users/mac/Desktop/CwmPracticals/Vidly/index.js',
      function: null,
      line: 3,
      method: null,
      native: false
    },
    {
      column: 14,
      file: 'node:internal/modules/cjs/loader',
      function: 'Module._compile',
      line: 1358,
      method: '_compile',
      native: false
    },
    {
      column: 10,
      file: 'node:internal/modules/cjs/loader',
      function: 'Module._extensions..js',
      line: 1416,
      method: '.js',
      native: false
    }
  ],
  timestamp: '2025-02-13T21:08:24.935Z'
}
{
  error: MongoParseError: Invalid scheme, expected connection string to start with "mongodb://" or "mongodb+srv://"
      at new ConnectionString (/Users/mac/Desktop/CwmPracticals/Vidly/node_modules/mongodb-connection-string-url/lib/index.js:86:19)
      at parseOptions (/Users/mac/Desktop/CwmPracticals/Vidly/node_modules/mongodb/lib/connection_string.js:185:17)
      at new MongoClient (/Users/mac/Desktop/CwmPracticals/Vidly/node_modules/mongodb/lib/mongo_client.js:53:63)
      at NativeConnection.createClient (/Users/mac/Desktop/CwmPracticals/Vidly/node_modules/mongoose/lib/drivers/node-mongodb-native/connection.js:312:14)
      at NativeConnection.openUri (/Users/mac/Desktop/CwmPracticals/Vidly/node_modules/mongoose/lib/connection.js:1016:34)
      at Mongoose.connect (/Users/mac/Desktop/CwmPracticals/Vidly/node_modules/mongoose/lib/mongoose.js:446:15)
      at module.exports (/Users/mac/Desktop/CwmPracticals/Vidly/startup/database.js:6:12)
      at Object.<anonymous> (/Users/mac/Desktop/CwmPracticals/Vidly/index.js:3:30)
      at Module._compile (node:internal/modules/cjs/loader:1358:14)
      at Module._extensions..js (node:internal/modules/cjs/loader:1416:10),
  level: 'error',
  message: 'unhandledRejection: Invalid scheme, expected connection string to start with "mongodb://" or "mongodb+srv://"\n' +
    'MongoParseError: Invalid scheme, expected connection string to start with "mongodb://" or "mongodb+srv://"\n' +
    '    at new ConnectionString (/Users/mac/Desktop/CwmPracticals/Vidly/node_modules/mongodb-connection-string-url/lib/index.js:86:19)\n' +
    '    at parseOptions (/Users/mac/Desktop/CwmPracticals/Vidly/node_modules/mongodb/lib/connection_string.js:185:17)\n' +
    '    at new MongoClient (/Users/mac/Desktop/CwmPracticals/Vidly/node_modules/mongodb/lib/mongo_client.js:53:63)\n' +
    '    at NativeConnection.createClient (/Users/mac/Desktop/CwmPracticals/Vidly/node_modules/mongoose/lib/drivers/node-mongodb-native/connection.js:312:14)\n' +
    '    at NativeConnection.openUri (/Users/mac/Desktop/CwmPracticals/Vidly/node_modules/mongoose/lib/connection.js:1016:34)\n' +
    '    at Mongoose.connect (/Users/mac/Desktop/CwmPracticals/Vidly/node_modules/mongoose/lib/mongoose.js:446:15)\n' +
    '    at module.exports (/Users/mac/Desktop/CwmPracticals/Vidly/startup/database.js:6:12)\n' +
    '    at Object.<anonymous> (/Users/mac/Desktop/CwmPracticals/Vidly/index.js:3:30)\n' +
    '    at Module._compile (node:internal/modules/cjs/loader:1358:14)\n' +
    '    at Module._extensions..js (node:internal/modules/cjs/loader:1416:10)',
  stack: 'MongoParseError: Invalid scheme, expected connection string to start with "mongodb://" or "mongodb+srv://"\n' +
    '    at new ConnectionString (/Users/mac/Desktop/CwmPracticals/Vidly/node_modules/mongodb-connection-string-url/lib/index.js:86:19)\n' +
    '    at parseOptions (/Users/mac/Desktop/CwmPracticals/Vidly/node_modules/mongodb/lib/connection_string.js:185:17)\n' +
    '    at new MongoClient (/Users/mac/Desktop/CwmPracticals/Vidly/node_modules/mongodb/lib/mongo_client.js:53:63)\n' +
    '    at NativeConnection.createClient (/Users/mac/Desktop/CwmPracticals/Vidly/node_modules/mongoose/lib/drivers/node-mongodb-native/connection.js:312:14)\n' +
    '    at NativeConnection.openUri (/Users/mac/Desktop/CwmPracticals/Vidly/node_modules/mongoose/lib/connection.js:1016:34)\n' +
    '    at Mongoose.connect (/Users/mac/Desktop/CwmPracticals/Vidly/node_modules/mongoose/lib/mongoose.js:446:15)\n' +
    '    at module.exports (/Users/mac/Desktop/CwmPracticals/Vidly/startup/database.js:6:12)\n' +
    '    at Object.<anonymous> (/Users/mac/Desktop/CwmPracticals/Vidly/index.js:3:30)\n' +
    '    at Module._compile (node:internal/modules/cjs/loader:1358:14)\n' +
    '    at Module._extensions..js (node:internal/modules/cjs/loader:1416:10)',
  rejection: true,
  date: 'Thu Feb 13 2025 22:08:29 GMT+0100 (West Africa Standard Time)',
  process: {
    pid: 32557,
    uid: 501,
    gid: 20,
    cwd: '/Users/mac/Desktop/CwmPracticals/Vidly',
    execPath: '/usr/local/bin/node',
    version: 'v20.13.0',
    argv: [
      '/usr/local/bin/node',
      '/Users/mac/Desktop/CwmPracticals/Vidly/index.js'
    ],
    memoryUsage: {
      rss: 88686592,
      heapTotal: 56655872,
      heapUsed: 26650712,
      external: 20476305,
      arrayBuffers: 18262463
    }
  },
  os: {
    loadavg: [ 5.3193359375, 3.75146484375, 3.3896484375 ],
    uptime: 1673351
  },
  trace: [
    {
      column: 19,
      file: '/Users/mac/Desktop/CwmPracticals/Vidly/node_modules/mongodb-connection-string-url/lib/index.js',
      function: 'new ConnectionString',
      line: 86,
      method: null,
      native: false
    },
    {
      column: 17,
      file: '/Users/mac/Desktop/CwmPracticals/Vidly/node_modules/mongodb/lib/connection_string.js',
      function: 'parseOptions',
      line: 185,
      method: null,
      native: false
    },
    {
      column: 63,
      file: '/Users/mac/Desktop/CwmPracticals/Vidly/node_modules/mongodb/lib/mongo_client.js',
      function: 'new MongoClient',
      line: 53,
      method: null,
      native: false
    },
    {
      column: 14,
      file: '/Users/mac/Desktop/CwmPracticals/Vidly/node_modules/mongoose/lib/drivers/node-mongodb-native/connection.js',
      function: 'NativeConnection.createClient',
      line: 312,
      method: 'createClient',
      native: false
    },
    {
      column: 34,
      file: '/Users/mac/Desktop/CwmPracticals/Vidly/node_modules/mongoose/lib/connection.js',
      function: 'NativeConnection.openUri',
      line: 1016,
      method: 'openUri',
      native: false
    },
    {
      column: 15,
      file: '/Users/mac/Desktop/CwmPracticals/Vidly/node_modules/mongoose/lib/mongoose.js',
      function: 'Mongoose.connect',
      line: 446,
      method: 'connect',
      native: false
    },
    {
      column: 12,
      file: '/Users/mac/Desktop/CwmPracticals/Vidly/startup/database.js',
      function: 'module.exports',
      line: 6,
      method: 'exports',
      native: false
    },
    {
      column: 30,
      file: '/Users/mac/Desktop/CwmPracticals/Vidly/index.js',
      function: null,
      line: 3,
      method: null,
      native: false
    },
    {
      column: 14,
      file: 'node:internal/modules/cjs/loader',
      function: 'Module._compile',
      line: 1358,
      method: '_compile',
      native: false
    },
    {
      column: 10,
      file: 'node:internal/modules/cjs/loader',
      function: 'Module._extensions..js',
      line: 1416,
      method: '.js',
      native: false
    }
  ],
  timestamp: '2025-02-13T21:08:29.996Z'
}
{
  error: MongoParseError: Invalid scheme, expected connection string to start with "mongodb://" or "mongodb+srv://"
      at new ConnectionString (/Users/mac/Desktop/CwmPracticals/Vidly/node_modules/mongodb-connection-string-url/lib/index.js:86:19)
      at parseOptions (/Users/mac/Desktop/CwmPracticals/Vidly/node_modules/mongodb/lib/connection_string.js:185:17)
      at new MongoClient (/Users/mac/Desktop/CwmPracticals/Vidly/node_modules/mongodb/lib/mongo_client.js:53:63)
      at NativeConnection.createClient (/Users/mac/Desktop/CwmPracticals/Vidly/node_modules/mongoose/lib/drivers/node-mongodb-native/connection.js:312:14)
      at NativeConnection.openUri (/Users/mac/Desktop/CwmPracticals/Vidly/node_modules/mongoose/lib/connection.js:1016:34)
      at Mongoose.connect (/Users/mac/Desktop/CwmPracticals/Vidly/node_modules/mongoose/lib/mongoose.js:446:15)
      at module.exports (/Users/mac/Desktop/CwmPracticals/Vidly/startup/database.js:6:12)
      at Object.<anonymous> (/Users/mac/Desktop/CwmPracticals/Vidly/index.js:3:30)
      at Module._compile (node:internal/modules/cjs/loader:1358:14)
      at Module._extensions..js (node:internal/modules/cjs/loader:1416:10),
  level: 'error',
  message: 'unhandledRejection: Invalid scheme, expected connection string to start with "mongodb://" or "mongodb+srv://"\n' +
    'MongoParseError: Invalid scheme, expected connection string to start with "mongodb://" or "mongodb+srv://"\n' +
    '    at new ConnectionString (/Users/mac/Desktop/CwmPracticals/Vidly/node_modules/mongodb-connection-string-url/lib/index.js:86:19)\n' +
    '    at parseOptions (/Users/mac/Desktop/CwmPracticals/Vidly/node_modules/mongodb/lib/connection_string.js:185:17)\n' +
    '    at new MongoClient (/Users/mac/Desktop/CwmPracticals/Vidly/node_modules/mongodb/lib/mongo_client.js:53:63)\n' +
    '    at NativeConnection.createClient (/Users/mac/Desktop/CwmPracticals/Vidly/node_modules/mongoose/lib/drivers/node-mongodb-native/connection.js:312:14)\n' +
    '    at NativeConnection.openUri (/Users/mac/Desktop/CwmPracticals/Vidly/node_modules/mongoose/lib/connection.js:1016:34)\n' +
    '    at Mongoose.connect (/Users/mac/Desktop/CwmPracticals/Vidly/node_modules/mongoose/lib/mongoose.js:446:15)\n' +
    '    at module.exports (/Users/mac/Desktop/CwmPracticals/Vidly/startup/database.js:6:12)\n' +
    '    at Object.<anonymous> (/Users/mac/Desktop/CwmPracticals/Vidly/index.js:3:30)\n' +
    '    at Module._compile (node:internal/modules/cjs/loader:1358:14)\n' +
    '    at Module._extensions..js (node:internal/modules/cjs/loader:1416:10)',
  stack: 'MongoParseError: Invalid scheme, expected connection string to start with "mongodb://" or "mongodb+srv://"\n' +
    '    at new ConnectionString (/Users/mac/Desktop/CwmPracticals/Vidly/node_modules/mongodb-connection-string-url/lib/index.js:86:19)\n' +
    '    at parseOptions (/Users/mac/Desktop/CwmPracticals/Vidly/node_modules/mongodb/lib/connection_string.js:185:17)\n' +
    '    at new MongoClient (/Users/mac/Desktop/CwmPracticals/Vidly/node_modules/mongodb/lib/mongo_client.js:53:63)\n' +
    '    at NativeConnection.createClient (/Users/mac/Desktop/CwmPracticals/Vidly/node_modules/mongoose/lib/drivers/node-mongodb-native/connection.js:312:14)\n' +
    '    at NativeConnection.openUri (/Users/mac/Desktop/CwmPracticals/Vidly/node_modules/mongoose/lib/connection.js:1016:34)\n' +
    '    at Mongoose.connect (/Users/mac/Desktop/CwmPracticals/Vidly/node_modules/mongoose/lib/mongoose.js:446:15)\n' +
    '    at module.exports (/Users/mac/Desktop/CwmPracticals/Vidly/startup/database.js:6:12)\n' +
    '    at Object.<anonymous> (/Users/mac/Desktop/CwmPracticals/Vidly/index.js:3:30)\n' +
    '    at Module._compile (node:internal/modules/cjs/loader:1358:14)\n' +
    '    at Module._extensions..js (node:internal/modules/cjs/loader:1416:10)',
  rejection: true,
  date: 'Thu Feb 13 2025 22:08:31 GMT+0100 (West Africa Standard Time)',
  process: {
    pid: 32572,
    uid: 501,
    gid: 20,
    cwd: '/Users/mac/Desktop/CwmPracticals/Vidly',
    execPath: '/usr/local/bin/node',
    version: 'v20.13.0',
    argv: [
      '/usr/local/bin/node',
      '/Users/mac/Desktop/CwmPracticals/Vidly/index.js'
    ],
    memoryUsage: {
      rss: 88883200,
      heapTotal: 56655872,
      heapUsed: 26648952,
      external: 20476305,
      arrayBuffers: 18262463
    }
  },
  os: {
    loadavg: [ 5.3193359375, 3.75146484375, 3.3896484375 ],
    uptime: 1673353
  },
  trace: [
    {
      column: 19,
      file: '/Users/mac/Desktop/CwmPracticals/Vidly/node_modules/mongodb-connection-string-url/lib/index.js',
      function: 'new ConnectionString',
      line: 86,
      method: null,
      native: false
    },
    {
      column: 17,
      file: '/Users/mac/Desktop/CwmPracticals/Vidly/node_modules/mongodb/lib/connection_string.js',
      function: 'parseOptions',
      line: 185,
      method: null,
      native: false
    },
    {
      column: 63,
      file: '/Users/mac/Desktop/CwmPracticals/Vidly/node_modules/mongodb/lib/mongo_client.js',
      function: 'new MongoClient',
      line: 53,
      method: null,
      native: false
    },
    {
      column: 14,
      file: '/Users/mac/Desktop/CwmPracticals/Vidly/node_modules/mongoose/lib/drivers/node-mongodb-native/connection.js',
      function: 'NativeConnection.createClient',
      line: 312,
      method: 'createClient',
      native: false
    },
    {
      column: 34,
      file: '/Users/mac/Desktop/CwmPracticals/Vidly/node_modules/mongoose/lib/connection.js',
      function: 'NativeConnection.openUri',
      line: 1016,
      method: 'openUri',
      native: false
    },
    {
      column: 15,
      file: '/Users/mac/Desktop/CwmPracticals/Vidly/node_modules/mongoose/lib/mongoose.js',
      function: 'Mongoose.connect',
      line: 446,
      method: 'connect',
      native: false
    },
    {
      column: 12,
      file: '/Users/mac/Desktop/CwmPracticals/Vidly/startup/database.js',
      function: 'module.exports',
      line: 6,
      method: 'exports',
      native: false
    },
    {
      column: 30,
      file: '/Users/mac/Desktop/CwmPracticals/Vidly/index.js',
      function: null,
      line: 3,
      method: null,
      native: false
    },
    {
      column: 14,
      file: 'node:internal/modules/cjs/loader',
      function: 'Module._compile',
      line: 1358,
      method: '_compile',
      native: false
    },
    {
      column: 10,
      file: 'node:internal/modules/cjs/loader',
      function: 'Module._extensions..js',
      line: 1416,
      method: '.js',
      native: false
    }
  ],
  timestamp: '2025-02-13T21:08:31.493Z'
}
{
  error: MongoParseError: Invalid scheme, expected connection string to start with "mongodb://" or "mongodb+srv://"
      at new ConnectionString (/Users/mac/Desktop/CwmPracticals/Vidly/node_modules/mongodb-connection-string-url/lib/index.js:86:19)
      at parseOptions (/Users/mac/Desktop/CwmPracticals/Vidly/node_modules/mongodb/lib/connection_string.js:185:17)
      at new MongoClient (/Users/mac/Desktop/CwmPracticals/Vidly/node_modules/mongodb/lib/mongo_client.js:53:63)
      at NativeConnection.createClient (/Users/mac/Desktop/CwmPracticals/Vidly/node_modules/mongoose/lib/drivers/node-mongodb-native/connection.js:312:14)
      at NativeConnection.openUri (/Users/mac/Desktop/CwmPracticals/Vidly/node_modules/mongoose/lib/connection.js:1016:34)
      at Mongoose.connect (/Users/mac/Desktop/CwmPracticals/Vidly/node_modules/mongoose/lib/mongoose.js:446:15)
      at module.exports (/Users/mac/Desktop/CwmPracticals/Vidly/startup/database.js:6:12)
      at Object.<anonymous> (/Users/mac/Desktop/CwmPracticals/Vidly/index.js:3:30)
      at Module._compile (node:internal/modules/cjs/loader:1358:14)
      at Module._extensions..js (node:internal/modules/cjs/loader:1416:10),
  level: 'error',
  message: 'unhandledRejection: Invalid scheme, expected connection string to start with "mongodb://" or "mongodb+srv://"\n' +
    'MongoParseError: Invalid scheme, expected connection string to start with "mongodb://" or "mongodb+srv://"\n' +
    '    at new ConnectionString (/Users/mac/Desktop/CwmPracticals/Vidly/node_modules/mongodb-connection-string-url/lib/index.js:86:19)\n' +
    '    at parseOptions (/Users/mac/Desktop/CwmPracticals/Vidly/node_modules/mongodb/lib/connection_string.js:185:17)\n' +
    '    at new MongoClient (/Users/mac/Desktop/CwmPracticals/Vidly/node_modules/mongodb/lib/mongo_client.js:53:63)\n' +
    '    at NativeConnection.createClient (/Users/mac/Desktop/CwmPracticals/Vidly/node_modules/mongoose/lib/drivers/node-mongodb-native/connection.js:312:14)\n' +
    '    at NativeConnection.openUri (/Users/mac/Desktop/CwmPracticals/Vidly/node_modules/mongoose/lib/connection.js:1016:34)\n' +
    '    at Mongoose.connect (/Users/mac/Desktop/CwmPracticals/Vidly/node_modules/mongoose/lib/mongoose.js:446:15)\n' +
    '    at module.exports (/Users/mac/Desktop/CwmPracticals/Vidly/startup/database.js:6:12)\n' +
    '    at Object.<anonymous> (/Users/mac/Desktop/CwmPracticals/Vidly/index.js:3:30)\n' +
    '    at Module._compile (node:internal/modules/cjs/loader:1358:14)\n' +
    '    at Module._extensions..js (node:internal/modules/cjs/loader:1416:10)',
  stack: 'MongoParseError: Invalid scheme, expected connection string to start with "mongodb://" or "mongodb+srv://"\n' +
    '    at new ConnectionString (/Users/mac/Desktop/CwmPracticals/Vidly/node_modules/mongodb-connection-string-url/lib/index.js:86:19)\n' +
    '    at parseOptions (/Users/mac/Desktop/CwmPracticals/Vidly/node_modules/mongodb/lib/connection_string.js:185:17)\n' +
    '    at new MongoClient (/Users/mac/Desktop/CwmPracticals/Vidly/node_modules/mongodb/lib/mongo_client.js:53:63)\n' +
    '    at NativeConnection.createClient (/Users/mac/Desktop/CwmPracticals/Vidly/node_modules/mongoose/lib/drivers/node-mongodb-native/connection.js:312:14)\n' +
    '    at NativeConnection.openUri (/Users/mac/Desktop/CwmPracticals/Vidly/node_modules/mongoose/lib/connection.js:1016:34)\n' +
    '    at Mongoose.connect (/Users/mac/Desktop/CwmPracticals/Vidly/node_modules/mongoose/lib/mongoose.js:446:15)\n' +
    '    at module.exports (/Users/mac/Desktop/CwmPracticals/Vidly/startup/database.js:6:12)\n' +
    '    at Object.<anonymous> (/Users/mac/Desktop/CwmPracticals/Vidly/index.js:3:30)\n' +
    '    at Module._compile (node:internal/modules/cjs/loader:1358:14)\n' +
    '    at Module._extensions..js (node:internal/modules/cjs/loader:1416:10)',
  rejection: true,
  date: 'Thu Feb 13 2025 22:08:33 GMT+0100 (West Africa Standard Time)',
  process: {
    pid: 32594,
    uid: 501,
    gid: 20,
    cwd: '/Users/mac/Desktop/CwmPracticals/Vidly',
    execPath: '/usr/local/bin/node',
    version: 'v20.13.0',
    argv: [
      '/usr/local/bin/node',
      '/Users/mac/Desktop/CwmPracticals/Vidly/index.js'
    ],
    memoryUsage: {
      rss: 88686592,
      heapTotal: 56655872,
      heapUsed: 26495360,
      external: 20476305,
      arrayBuffers: 18262463
    }
  },
  os: {
    loadavg: [ 5.21337890625, 3.75537109375, 3.39306640625 ],
    uptime: 1673355
  },
  trace: [
    {
      column: 19,
      file: '/Users/mac/Desktop/CwmPracticals/Vidly/node_modules/mongodb-connection-string-url/lib/index.js',
      function: 'new ConnectionString',
      line: 86,
      method: null,
      native: false
    },
    {
      column: 17,
      file: '/Users/mac/Desktop/CwmPracticals/Vidly/node_modules/mongodb/lib/connection_string.js',
      function: 'parseOptions',
      line: 185,
      method: null,
      native: false
    },
    {
      column: 63,
      file: '/Users/mac/Desktop/CwmPracticals/Vidly/node_modules/mongodb/lib/mongo_client.js',
      function: 'new MongoClient',
      line: 53,
      method: null,
      native: false
    },
    {
      column: 14,
      file: '/Users/mac/Desktop/CwmPracticals/Vidly/node_modules/mongoose/lib/drivers/node-mongodb-native/connection.js',
      function: 'NativeConnection.createClient',
      line: 312,
      method: 'createClient',
      native: false
    },
    {
      column: 34,
      file: '/Users/mac/Desktop/CwmPracticals/Vidly/node_modules/mongoose/lib/connection.js',
      function: 'NativeConnection.openUri',
      line: 1016,
      method: 'openUri',
      native: false
    },
    {
      column: 15,
      file: '/Users/mac/Desktop/CwmPracticals/Vidly/node_modules/mongoose/lib/mongoose.js',
      function: 'Mongoose.connect',
      line: 446,
      method: 'connect',
      native: false
    },
    {
      column: 12,
      file: '/Users/mac/Desktop/CwmPracticals/Vidly/startup/database.js',
      function: 'module.exports',
      line: 6,
      method: 'exports',
      native: false
    },
    {
      column: 30,
      file: '/Users/mac/Desktop/CwmPracticals/Vidly/index.js',
      function: null,
      line: 3,
      method: null,
      native: false
    },
    {
      column: 14,
      file: 'node:internal/modules/cjs/loader',
      function: 'Module._compile',
      line: 1358,
      method: '_compile',
      native: false
    },
    {
      column: 10,
      file: 'node:internal/modules/cjs/loader',
      function: 'Module._extensions..js',
      line: 1416,
      method: '.js',
      native: false
    }
  ],
  timestamp: '2025-02-13T21:08:33.159Z'
}
{
  error: MongoParseError: Invalid scheme, expected connection string to start with "mongodb://" or "mongodb+srv://"
      at new ConnectionString (/Users/mac/Desktop/CwmPracticals/Vidly/node_modules/mongodb-connection-string-url/lib/index.js:86:19)
      at parseOptions (/Users/mac/Desktop/CwmPracticals/Vidly/node_modules/mongodb/lib/connection_string.js:185:17)
      at new MongoClient (/Users/mac/Desktop/CwmPracticals/Vidly/node_modules/mongodb/lib/mongo_client.js:53:63)
      at NativeConnection.createClient (/Users/mac/Desktop/CwmPracticals/Vidly/node_modules/mongoose/lib/drivers/node-mongodb-native/connection.js:312:14)
      at NativeConnection.openUri (/Users/mac/Desktop/CwmPracticals/Vidly/node_modules/mongoose/lib/connection.js:1016:34)
      at Mongoose.connect (/Users/mac/Desktop/CwmPracticals/Vidly/node_modules/mongoose/lib/mongoose.js:446:15)
      at module.exports (/Users/mac/Desktop/CwmPracticals/Vidly/startup/database.js:6:12)
      at Object.<anonymous> (/Users/mac/Desktop/CwmPracticals/Vidly/index.js:3:30)
      at Module._compile (node:internal/modules/cjs/loader:1358:14)
      at Module._extensions..js (node:internal/modules/cjs/loader:1416:10),
  level: 'error',
  message: 'unhandledRejection: Invalid scheme, expected connection string to start with "mongodb://" or "mongodb+srv://"\n' +
    'MongoParseError: Invalid scheme, expected connection string to start with "mongodb://" or "mongodb+srv://"\n' +
    '    at new ConnectionString (/Users/mac/Desktop/CwmPracticals/Vidly/node_modules/mongodb-connection-string-url/lib/index.js:86:19)\n' +
    '    at parseOptions (/Users/mac/Desktop/CwmPracticals/Vidly/node_modules/mongodb/lib/connection_string.js:185:17)\n' +
    '    at new MongoClient (/Users/mac/Desktop/CwmPracticals/Vidly/node_modules/mongodb/lib/mongo_client.js:53:63)\n' +
    '    at NativeConnection.createClient (/Users/mac/Desktop/CwmPracticals/Vidly/node_modules/mongoose/lib/drivers/node-mongodb-native/connection.js:312:14)\n' +
    '    at NativeConnection.openUri (/Users/mac/Desktop/CwmPracticals/Vidly/node_modules/mongoose/lib/connection.js:1016:34)\n' +
    '    at Mongoose.connect (/Users/mac/Desktop/CwmPracticals/Vidly/node_modules/mongoose/lib/mongoose.js:446:15)\n' +
    '    at module.exports (/Users/mac/Desktop/CwmPracticals/Vidly/startup/database.js:6:12)\n' +
    '    at Object.<anonymous> (/Users/mac/Desktop/CwmPracticals/Vidly/index.js:3:30)\n' +
    '    at Module._compile (node:internal/modules/cjs/loader:1358:14)\n' +
    '    at Module._extensions..js (node:internal/modules/cjs/loader:1416:10)',
  stack: 'MongoParseError: Invalid scheme, expected connection string to start with "mongodb://" or "mongodb+srv://"\n' +
    '    at new ConnectionString (/Users/mac/Desktop/CwmPracticals/Vidly/node_modules/mongodb-connection-string-url/lib/index.js:86:19)\n' +
    '    at parseOptions (/Users/mac/Desktop/CwmPracticals/Vidly/node_modules/mongodb/lib/connection_string.js:185:17)\n' +
    '    at new MongoClient (/Users/mac/Desktop/CwmPracticals/Vidly/node_modules/mongodb/lib/mongo_client.js:53:63)\n' +
    '    at NativeConnection.createClient (/Users/mac/Desktop/CwmPracticals/Vidly/node_modules/mongoose/lib/drivers/node-mongodb-native/connection.js:312:14)\n' +
    '    at NativeConnection.openUri (/Users/mac/Desktop/CwmPracticals/Vidly/node_modules/mongoose/lib/connection.js:1016:34)\n' +
    '    at Mongoose.connect (/Users/mac/Desktop/CwmPracticals/Vidly/node_modules/mongoose/lib/mongoose.js:446:15)\n' +
    '    at module.exports (/Users/mac/Desktop/CwmPracticals/Vidly/startup/database.js:6:12)\n' +
    '    at Object.<anonymous> (/Users/mac/Desktop/CwmPracticals/Vidly/index.js:3:30)\n' +
    '    at Module._compile (node:internal/modules/cjs/loader:1358:14)\n' +
    '    at Module._extensions..js (node:internal/modules/cjs/loader:1416:10)',
  rejection: true,
  date: 'Thu Feb 13 2025 22:09:15 GMT+0100 (West Africa Standard Time)',
  process: {
    pid: 32670,
    uid: 501,
    gid: 20,
    cwd: '/Users/mac/Desktop/CwmPracticals/Vidly',
    execPath: '/usr/local/bin/node',
    version: 'v20.13.0',
    argv: [
      '/usr/local/bin/node',
      '/Users/mac/Desktop/CwmPracticals/Vidly/index.js'
    ],
    memoryUsage: {
      rss: 78954496,
      heapTotal: 56655872,
      heapUsed: 26387432,
      external: 20476305,
      arrayBuffers: 18262463
    }
  },
  os: {
    loadavg: [ 4.14453125, 3.6337890625, 3.36181640625 ],
    uptime: 1673397
  },
  trace: [
    {
      column: 19,
      file: '/Users/mac/Desktop/CwmPracticals/Vidly/node_modules/mongodb-connection-string-url/lib/index.js',
      function: 'new ConnectionString',
      line: 86,
      method: null,
      native: false
    },
    {
      column: 17,
      file: '/Users/mac/Desktop/CwmPracticals/Vidly/node_modules/mongodb/lib/connection_string.js',
      function: 'parseOptions',
      line: 185,
      method: null,
      native: false
    },
    {
      column: 63,
      file: '/Users/mac/Desktop/CwmPracticals/Vidly/node_modules/mongodb/lib/mongo_client.js',
      function: 'new MongoClient',
      line: 53,
      method: null,
      native: false
    },
    {
      column: 14,
      file: '/Users/mac/Desktop/CwmPracticals/Vidly/node_modules/mongoose/lib/drivers/node-mongodb-native/connection.js',
      function: 'NativeConnection.createClient',
      line: 312,
      method: 'createClient',
      native: false
    },
    {
      column: 34,
      file: '/Users/mac/Desktop/CwmPracticals/Vidly/node_modules/mongoose/lib/connection.js',
      function: 'NativeConnection.openUri',
      line: 1016,
      method: 'openUri',
      native: false
    },
    {
      column: 15,
      file: '/Users/mac/Desktop/CwmPracticals/Vidly/node_modules/mongoose/lib/mongoose.js',
      function: 'Mongoose.connect',
      line: 446,
      method: 'connect',
      native: false
    },
    {
      column: 12,
      file: '/Users/mac/Desktop/CwmPracticals/Vidly/startup/database.js',
      function: 'module.exports',
      line: 6,
      method: 'exports',
      native: false
    },
    {
      column: 30,
      file: '/Users/mac/Desktop/CwmPracticals/Vidly/index.js',
      function: null,
      line: 3,
      method: null,
      native: false
    },
    {
      column: 14,
      file: 'node:internal/modules/cjs/loader',
      function: 'Module._compile',
      line: 1358,
      method: '_compile',
      native: false
    },
    {
      column: 10,
      file: 'node:internal/modules/cjs/loader',
      function: 'Module._extensions..js',
      line: 1416,
      method: '.js',
      native: false
    }
  ],
  timestamp: '2025-02-13T21:09:15.277Z'
}
{
  message: 'Connected to MongoDB...',
  level: 'info',
  timestamp: '2025-02-13T21:09:43.087Z'
}
{
  message: 'Connected to MongoDB...',
  level: 'info',
  timestamp: '2025-02-13T21:10:04.592Z'
}
{
  message: 'Connected to MongoDB...',
  level: 'info',
  timestamp: '2025-02-13T21:12:29.978Z'
}
{
  message: 'Connected to MongoDB...',
  level: 'info',
  timestamp: '2025-02-13T21:12:32.864Z'
}
{
  message: 'Connected to MongoDB...',
  level: 'info',
  timestamp: '2025-02-13T21:12:37.627Z'
}
{
  message: 'Connected to MongoDB...',
  level: 'info',
  timestamp: '2025-02-13T21:39:57.205Z'
}
{
  message: 'Connected to MongoDB...',
  level: 'info',
  timestamp: '2025-02-13T21:40:01.786Z'
}
{
  message: 'Connected to MongoDB...',
  level: 'info',
  timestamp: '2025-02-13T21:42:37.483Z'
}
{
  message: 'Connected to MongoDB...',
  level: 'info',
  timestamp: '2025-02-13T21:43:07.404Z'
}
{
  message: 'Connected to MongoDB...',
  level: 'info',
  timestamp: '2025-02-13T21:43:09.075Z'
}
{
  message: 'Connected to MongoDB...',
  level: 'info',
  timestamp: '2025-02-13T21:43:15.825Z'
}
{
  message: 'Connected to MongoDB...',
  level: 'info',
  timestamp: '2025-02-13T21:43:22.726Z'
}
{
  message: 'Connected to MongoDB...',
  level: 'info',
  timestamp: '2025-02-13T21:43:28.756Z'
}
{
  message: 'Connected to MongoDB...',
  level: 'info',
  timestamp: '2025-02-13T21:43:34.156Z'
}
{
  message: 'Connected to MongoDB...',
  level: 'info',
  timestamp: '2025-02-13T21:43:40.513Z'
}
{
  message: 'Connected to MongoDB...',
  level: 'info',
  timestamp: '2025-02-13T21:43:45.585Z'
}
{
  message: 'Connected to MongoDB...',
  level: 'info',
  timestamp: '2025-02-13T21:44:08.433Z'
}
{
  message: 'Server is running on PORT 3110...',
  level: 'info',
  timestamp: '2025-02-13T21:46:07.585Z'
}
{
  message: 'Connected to MongoDB...',
  level: 'info',
  timestamp: '2025-02-13T21:46:07.604Z'
}
{
  message: 'Server is running on PORT 3110...',
  level: 'info',
  timestamp: '2025-02-13T21:46:35.927Z'
}
{
  message: 'Connected to MongoDB...',
  level: 'info',
  timestamp: '2025-02-13T21:46:35.941Z'
}
{
  message: 'Server is running on PORT 3110...',
  level: 'info',
  timestamp: '2025-02-13T21:47:04.773Z'
}
{
  message: 'Connected to MongoDB...',
  level: 'info',
  timestamp: '2025-02-13T21:47:04.781Z'
}
{
  message: 'Server is running on PORT 3110...',
  level: 'info',
  timestamp: '2025-02-13T21:47:06.217Z'
}
{
  message: 'Connected to MongoDB...',
  level: 'info',
  timestamp: '2025-02-13T21:47:06.227Z'
}
{
  message: 'Server is running on PORT 3110...',
  level: 'info',
  timestamp: '2025-02-13T21:47:16.234Z'
}
{
  message: 'Connected to MongoDB...',
  level: 'info',
  timestamp: '2025-02-13T21:47:16.245Z'
}
{
  message: 'Server is running on PORT 3110...',
  level: 'info',
  timestamp: '2025-02-13T21:48:36.776Z'
}
{
  message: 'Connected to MongoDB...',
  level: 'info',
  timestamp: '2025-02-13T21:48:36.793Z'
}
{
  message: 'Server is running on PORT 3110...',
  level: 'info',
  timestamp: '2025-02-13T21:48:43.204Z'
}
{
  message: 'Connected to MongoDB...',
  level: 'info',
  timestamp: '2025-02-13T21:48:43.215Z'
}
{
  message: 'Server is running on PORT 3110...',
  level: 'info',
  timestamp: '2025-02-13T21:49:01.615Z'
}
{
  message: 'Connected to MongoDB...',
  level: 'info',
  timestamp: '2025-02-13T21:49:01.624Z'
}
[32m{[39m
[32m  message: 'Server is running on PORT 3110...',[39m
[32m  level: 'info',[39m
[32m  timestamp: '2025-02-13T21:49:06.309Z'[39m
[32m}[39m
[32m{[39m
[32m  message: 'Connected to MongoDB...',[39m
[32m  level: 'info',[39m
[32m  timestamp: '2025-02-13T21:49:06.317Z'[39m
[32m}[39m
